28.03.2015 01:31:27.025 И стоит береза
В сонной тишине,
И горят снежинки
28.03.2015 01:31:28.025 А заря, лениво
В золотом огне.
28.03.2015 01:31:26.025 На пушистых ветках
CRC_20d261ebef3bd9f9a42c81612e9efa51
Обходя кругом,
обсыпает ветки
Новым серебром.
Снежною каймой
Распустились кисти
CRC_1633f049ff1a52ea31ac959ce9222486
Белой бахромой.
CRC_599692d99d7f399e35ad029212f74272
28.03.2015 01:31:25.025 Белая береза
Под моим окном
Принакрылась снегом,
Точно серебром.
CRC_59427ae1242319d1092f6963fd481878